2018年11月30日 21:00:06  信息 : -------------网关启动完毕-------------------
2018年11月30日 21:00:10  信息 : 已装载共享库/Users/caroceanjofers/studio/lns.github.com/cj.studio.gateway.examples.frontend/cmdtools/gateway/lib/share
2018年11月30日 21:01:12  信息 : -------------网关启动完毕-------------------
2018年11月30日 21:01:16  信息 : 已装载共享库/Users/caroceanjofers/studio/lns.github.com/cj.studio.gateway.examples.frontend/cmdtools/gateway/lib/share
2018年11月30日 21:07:38  信息 : -------------网关启动完毕-------------------
2018年11月30日 21:07:40  信息 : 已装载共享库/Users/caroceanjofers/studio/lns.github.com/cj.studio.gateway.examples.frontend/cmdtools/gateway/lib/share
2018年11月30日 21:16:34  信息 : -------------网关启动完毕-------------------
2018年11月30日 21:16:35  信息 : 已装载共享库/Users/caroceanjofers/studio/lns.github.com/cj.studio.gateway.examples.frontend/cmdtools/gateway/lib/share
2018年11月30日 21:19:37  信息 : -------------网关启动完毕-------------------
2018年11月30日 21:19:40  信息 : 已装载共享库/Users/caroceanjofers/studio/lns.github.com/cj.studio.gateway.examples.frontend/cmdtools/gateway/lib/share
2018年12月17日 18:42:23  信息 : -------------网关启动完毕-------------------
2018年12月17日 18:42:27  错误: cj.studio.gateway.tools.RouterConsole - 不认识的命令：pwd
2018年12月17日 18:42:43  信息 : 已装载共享库/Users/caroceanjofers/studio/lns.github.com/cj.studio.gateway.examples.backend/cmdtools/gateway/lib/share
2018年12月17日 18:43:12  信息 : -------------网关启动完毕-------------------
2018年12月17日 18:43:15  信息 : 已装载共享库/Users/caroceanjofers/studio/lns.github.com/cj.studio.gateway.examples.backend/cmdtools/gateway/lib/share
2018年12月17日 18:43:17  错误: cj.studio.gateway.server.handler.HttpChannelHandler -  异常：java.lang.RuntimeException: java.lang.IllegalArgumentException: Can not set cj.studio.gateway.examples.backend.usercenter.IUser field cj.studio.gateway.examples.backend.usercenter.rest.HomeRF.user to cj.studio.gateway.examples.uc.plugin.service.IUser$$EnhancerByCGLIB$$af9a2bab
		at cj.studio.ecm.container.factory.MultitonServiceInstanceFactory.getService(MultitonServiceInstanceFactory.java:176)
		at cj.studio.ecm.container.factory.ServiceInstanceFactory.getServices(ServiceInstanceFactory.java:742)
		at cj.studio.ecm.container.ServiceContainer.getServices(ServiceContainer.java:131)
		at cj.studio.ecm.context.ModuleSite.getServices(ModuleSite.java:132)
		at cj.studio.ecm.context.ModuleSite$DelegateSite.getServices(ModuleSite.java:654)
		at cj.studio.gateway.socket.app.GatewayAppSiteProgram.getWebviewMappings(GatewayAppSiteProgram.java:107)
		at cj.studio.gateway.socket.app.GatewayAppSiteProgram.getService(GatewayAppSiteProgram.java:40)
		at cj.studio.gateway.socket.app.valve.LastWayInputValve.<init>(LastWayInputValve.java:38)
		at cj.studio.gateway.socket.app.pipeline.builder.AppSocketInputPipelineBuilder.createInputPipeline(AppSocketInputPipelineBuilder.java:67)
		at cj.studio.gateway.socket.app.pipeline.builder.AppSocketInputPipelineBuilder.createPipeline(AppSocketInputPipelineBuilder.java:48)
		at cj.studio.gateway.server.handler.HttpChannelHandler.pipelineHttpBuild(HttpChannelHandler.java:421)
		at cj.studio.gateway.server.handler.HttpChannelHandler.flowHttpRequest(HttpChannelHandler.java:387)
		at cj.studio.gateway.server.handler.HttpChannelHandler.handleHttpRequest(HttpChannelHandler.java:194)
		at cj.studio.gateway.server.handler.HttpChannelHandler.messageReceived(HttpChannelHandler.java:107)
		at io.netty.channel.SimpleChannelInboundHandler.channelRead(SimpleChannelInboundHandler.java:103)
		at io.netty.channel.ChannelHandlerInvokerUtil.invokeChannelReadNow(ChannelHandlerInvokerUtil.java:74)
		at io.netty.channel.DefaultChannelHandlerInvoker.invokeChannelRead(DefaultChannelHandlerInvoker.java:138)
		at io.netty.channel.DefaultChannelHandlerContext.fireChannelRead(DefaultChannelHandlerContext.java:320)
		at io.netty.handler.codec.MessageToMessageDecoder.channelRead(MessageToMessageDecoder.java:103)
		at io.netty.handler.codec.MessageToMessageCodec.channelRead(MessageToMessageCodec.java:111)
		at io.netty.channel.ChannelHandlerInvokerUtil.invokeChannelReadNow(ChannelHandlerInvokerUtil.java:74)
		at io.netty.channel.DefaultChannelHandlerInvoker.invokeChannelRead(DefaultChannelHandlerInvoker.java:138)
		at io.netty.channel.DefaultChannelHandlerContext.fireChannelRead(DefaultChannelHandlerContext.java:320)
		at io.netty.handler.codec.ByteToMessageDecoder.channelRead(ByteToMessageDecoder.java:154)
		at io.netty.channel.ChannelHandlerInvokerUtil.invokeChannelReadNow(ChannelHandlerInvokerUtil.java:74)
		at io.netty.channel.DefaultChannelHandlerInvoker.invokeChannelRead(DefaultChannelHandlerInvoker.java:138)
		at io.netty.channel.DefaultChannelHandlerContext.fireChannelRead(DefaultChannelHandlerContext.java:320)
		at io.netty.channel.DefaultChannelPipeline.fireChannelRead(DefaultChannelPipeline.java:846)
		at io.netty.channel.nio.AbstractNioByteChannel$NioByteUnsafe.read(AbstractNioByteChannel.java:127)
		at io.netty.channel.nio.NioEventLoop.processSelectedKey(NioEventLoop.java:485)
		at io.netty.channel.nio.NioEventLoop.processSelectedKeysOptimized(NioEventLoop.java:452)
		at io.netty.channel.nio.NioEventLoop.run(NioEventLoop.java:346)
		at io.netty.util.concurrent.SingleThreadEventExecutor$5.run(SingleThreadEventExecutor.java:794)
		at java.lang.Thread.run(Thread.java:748)
	Cause by:
		at sun.reflect.UnsafeFieldAccessorImpl.throwSetIllegalArgumentException(UnsafeFieldAccessorImpl.java:167)
		at sun.reflect.UnsafeFieldAccessorImpl.throwSetIllegalArgumentException(UnsafeFieldAccessorImpl.java:171)
		at sun.reflect.UnsafeObjectFieldAccessorImpl.set(UnsafeObjectFieldAccessorImpl.java:81)
		at java.lang.reflect.Field.set(Field.java:764)
		at cj.studio.ecm.container.factory.ServiceInstanceFactory.initialServiceRef(ServiceInstanceFactory.java:433)
		at cj.studio.ecm.container.factory.ServiceInstanceFactory.initialService(ServiceInstanceFactory.java:205)
		at cj.studio.ecm.container.factory.MultitonServiceInstanceFactory.getService(MultitonServiceInstanceFactory.java:172)
		at cj.studio.ecm.container.factory.ServiceInstanceFactory.getServices(ServiceInstanceFactory.java:742)
		at cj.studio.ecm.container.ServiceContainer.getServices(ServiceContainer.java:131)
		at cj.studio.ecm.context.ModuleSite.getServices(ModuleSite.java:132)
		at cj.studio.ecm.context.ModuleSite$DelegateSite.getServices(ModuleSite.java:654)
		at cj.studio.gateway.socket.app.GatewayAppSiteProgram.getWebviewMappings(GatewayAppSiteProgram.java:107)
		at cj.studio.gateway.socket.app.GatewayAppSiteProgram.getService(GatewayAppSiteProgram.java:40)
		at cj.studio.gateway.socket.app.valve.LastWayInputValve.<init>(LastWayInputValve.java:38)
		at cj.studio.gateway.socket.app.pipeline.builder.AppSocketInputPipelineBuilder.createInputPipeline(AppSocketInputPipelineBuilder.java:67)
		at cj.studio.gateway.socket.app.pipeline.builder.AppSocketInputPipelineBuilder.createPipeline(AppSocketInputPipelineBuilder.java:48)
		at cj.studio.gateway.server.handler.HttpChannelHandler.pipelineHttpBuild(HttpChannelHandler.java:421)
		at cj.studio.gateway.server.handler.HttpChannelHandler.flowHttpRequest(HttpChannelHandler.java:387)
		at cj.studio.gateway.server.handler.HttpChannelHandler.handleHttpRequest(HttpChannelHandler.java:194)
		at cj.studio.gateway.server.handler.HttpChannelHandler.messageReceived(HttpChannelHandler.java:107)
		at io.netty.channel.SimpleChannelInboundHandler.channelRead(SimpleChannelInboundHandler.java:103)
		at io.netty.channel.ChannelHandlerInvokerUtil.invokeChannelReadNow(ChannelHandlerInvokerUtil.java:74)
		at io.netty.channel.DefaultChannelHandlerInvoker.invokeChannelRead(DefaultChannelHandlerInvoker.java:138)
		at io.netty.channel.DefaultChannelHandlerContext.fireChannelRead(DefaultChannelHandlerContext.java:320)
		at io.netty.handler.codec.MessageToMessageDecoder.channelRead(MessageToMessageDecoder.java:103)
		at io.netty.handler.codec.MessageToMessageCodec.channelRead(MessageToMessageCodec.java:111)
		at io.netty.channel.ChannelHandlerInvokerUtil.invokeChannelReadNow(ChannelHandlerInvokerUtil.java:74)
		at io.netty.channel.DefaultChannelHandlerInvoker.invokeChannelRead(DefaultChannelHandlerInvoker.java:138)
		at io.netty.channel.DefaultChannelHandlerContext.fireChannelRead(DefaultChannelHandlerContext.java:320)
		at io.netty.handler.codec.ByteToMessageDecoder.channelRead(ByteToMessageDecoder.java:154)
		at io.netty.channel.ChannelHandlerInvokerUtil.invokeChannelReadNow(ChannelHandlerInvokerUtil.java:74)
		at io.netty.channel.DefaultChannelHandlerInvoker.invokeChannelRead(DefaultChannelHandlerInvoker.java:138)
		at io.netty.channel.DefaultChannelHandlerContext.fireChannelRead(DefaultChannelHandlerContext.java:320)
		at io.netty.channel.DefaultChannelPipeline.fireChannelRead(DefaultChannelPipeline.java:846)
		at io.netty.channel.nio.AbstractNioByteChannel$NioByteUnsafe.read(AbstractNioByteChannel.java:127)
		at io.netty.channel.nio.NioEventLoop.processSelectedKey(NioEventLoop.java:485)
		at io.netty.channel.nio.NioEventLoop.processSelectedKeysOptimized(NioEventLoop.java:452)
		at io.netty.channel.nio.NioEventLoop.run(NioEventLoop.java:346)
		at io.netty.util.concurrent.SingleThreadEventExecutor$5.run(SingleThreadEventExecutor.java:794)
		at java.lang.Thread.run(Thread.java:748)
2018年12月17日 18:47:27  信息 : -------------网关启动完毕-------------------
2018年12月17日 18:47:30  信息 : 已装载共享库/Users/caroceanjofers/studio/lns.github.com/cj.studio.gateway.examples.backend/cmdtools/gateway/lib/share
2018年12月17日 18:47:31  错误: cj.studio.gateway.server.handler.HttpChannelHandler -  异常：java.lang.RuntimeException: java.lang.IllegalArgumentException: Can not set cj.studio.gateway.examples.backend.usercenter.IUser field cj.studio.gateway.examples.backend.usercenter.rest.HomeRF.user to cj.studio.gateway.examples.uc.plugin.service.IUser$$EnhancerByCGLIB$$af9a2bab
		at cj.studio.ecm.container.factory.MultitonServiceInstanceFactory.getService(MultitonServiceInstanceFactory.java:176)
		at cj.studio.ecm.container.factory.ServiceInstanceFactory.getServices(ServiceInstanceFactory.java:742)
		at cj.studio.ecm.container.ServiceContainer.getServices(ServiceContainer.java:131)
		at cj.studio.ecm.context.ModuleSite.getServices(ModuleSite.java:132)
		at cj.studio.ecm.context.ModuleSite$DelegateSite.getServices(ModuleSite.java:654)
		at cj.studio.gateway.socket.app.GatewayAppSiteProgram.getWebviewMappings(GatewayAppSiteProgram.java:107)
		at cj.studio.gateway.socket.app.GatewayAppSiteProgram.getService(GatewayAppSiteProgram.java:40)
		at cj.studio.gateway.socket.app.valve.LastWayInputValve.<init>(LastWayInputValve.java:38)
		at cj.studio.gateway.socket.app.pipeline.builder.AppSocketInputPipelineBuilder.createInputPipeline(AppSocketInputPipelineBuilder.java:67)
		at cj.studio.gateway.socket.app.pipeline.builder.AppSocketInputPipelineBuilder.createPipeline(AppSocketInputPipelineBuilder.java:48)
		at cj.studio.gateway.server.handler.HttpChannelHandler.pipelineHttpBuild(HttpChannelHandler.java:421)
		at cj.studio.gateway.server.handler.HttpChannelHandler.flowHttpRequest(HttpChannelHandler.java:387)
		at cj.studio.gateway.server.handler.HttpChannelHandler.handleHttpRequest(HttpChannelHandler.java:194)
		at cj.studio.gateway.server.handler.HttpChannelHandler.messageReceived(HttpChannelHandler.java:107)
		at io.netty.channel.SimpleChannelInboundHandler.channelRead(SimpleChannelInboundHandler.java:103)
		at io.netty.channel.ChannelHandlerInvokerUtil.invokeChannelReadNow(ChannelHandlerInvokerUtil.java:74)
		at io.netty.channel.DefaultChannelHandlerInvoker.invokeChannelRead(DefaultChannelHandlerInvoker.java:138)
		at io.netty.channel.DefaultChannelHandlerContext.fireChannelRead(DefaultChannelHandlerContext.java:320)
		at io.netty.handler.codec.MessageToMessageDecoder.channelRead(MessageToMessageDecoder.java:103)
		at io.netty.handler.codec.MessageToMessageCodec.channelRead(MessageToMessageCodec.java:111)
		at io.netty.channel.ChannelHandlerInvokerUtil.invokeChannelReadNow(ChannelHandlerInvokerUtil.java:74)
		at io.netty.channel.DefaultChannelHandlerInvoker.invokeChannelRead(DefaultChannelHandlerInvoker.java:138)
		at io.netty.channel.DefaultChannelHandlerContext.fireChannelRead(DefaultChannelHandlerContext.java:320)
		at io.netty.handler.codec.ByteToMessageDecoder.channelRead(ByteToMessageDecoder.java:154)
		at io.netty.channel.ChannelHandlerInvokerUtil.invokeChannelReadNow(ChannelHandlerInvokerUtil.java:74)
		at io.netty.channel.DefaultChannelHandlerInvoker.invokeChannelRead(DefaultChannelHandlerInvoker.java:138)
		at io.netty.channel.DefaultChannelHandlerContext.fireChannelRead(DefaultChannelHandlerContext.java:320)
		at io.netty.channel.DefaultChannelPipeline.fireChannelRead(DefaultChannelPipeline.java:846)
		at io.netty.channel.nio.AbstractNioByteChannel$NioByteUnsafe.read(AbstractNioByteChannel.java:127)
		at io.netty.channel.nio.NioEventLoop.processSelectedKey(NioEventLoop.java:485)
		at io.netty.channel.nio.NioEventLoop.processSelectedKeysOptimized(NioEventLoop.java:452)
		at io.netty.channel.nio.NioEventLoop.run(NioEventLoop.java:346)
		at io.netty.util.concurrent.SingleThreadEventExecutor$5.run(SingleThreadEventExecutor.java:794)
		at java.lang.Thread.run(Thread.java:748)
	Cause by:
		at sun.reflect.UnsafeFieldAccessorImpl.throwSetIllegalArgumentException(UnsafeFieldAccessorImpl.java:167)
		at sun.reflect.UnsafeFieldAccessorImpl.throwSetIllegalArgumentException(UnsafeFieldAccessorImpl.java:171)
		at sun.reflect.UnsafeObjectFieldAccessorImpl.set(UnsafeObjectFieldAccessorImpl.java:81)
		at java.lang.reflect.Field.set(Field.java:764)
		at cj.studio.ecm.container.factory.ServiceInstanceFactory.initialServiceRef(ServiceInstanceFactory.java:433)
		at cj.studio.ecm.container.factory.ServiceInstanceFactory.initialService(ServiceInstanceFactory.java:205)
		at cj.studio.ecm.container.factory.MultitonServiceInstanceFactory.getService(MultitonServiceInstanceFactory.java:172)
		at cj.studio.ecm.container.factory.ServiceInstanceFactory.getServices(ServiceInstanceFactory.java:742)
		at cj.studio.ecm.container.ServiceContainer.getServices(ServiceContainer.java:131)
		at cj.studio.ecm.context.ModuleSite.getServices(ModuleSite.java:132)
		at cj.studio.ecm.context.ModuleSite$DelegateSite.getServices(ModuleSite.java:654)
		at cj.studio.gateway.socket.app.GatewayAppSiteProgram.getWebviewMappings(GatewayAppSiteProgram.java:107)
		at cj.studio.gateway.socket.app.GatewayAppSiteProgram.getService(GatewayAppSiteProgram.java:40)
		at cj.studio.gateway.socket.app.valve.LastWayInputValve.<init>(LastWayInputValve.java:38)
		at cj.studio.gateway.socket.app.pipeline.builder.AppSocketInputPipelineBuilder.createInputPipeline(AppSocketInputPipelineBuilder.java:67)
		at cj.studio.gateway.socket.app.pipeline.builder.AppSocketInputPipelineBuilder.createPipeline(AppSocketInputPipelineBuilder.java:48)
		at cj.studio.gateway.server.handler.HttpChannelHandler.pipelineHttpBuild(HttpChannelHandler.java:421)
		at cj.studio.gateway.server.handler.HttpChannelHandler.flowHttpRequest(HttpChannelHandler.java:387)
		at cj.studio.gateway.server.handler.HttpChannelHandler.handleHttpRequest(HttpChannelHandler.java:194)
		at cj.studio.gateway.server.handler.HttpChannelHandler.messageReceived(HttpChannelHandler.java:107)
		at io.netty.channel.SimpleChannelInboundHandler.channelRead(SimpleChannelInboundHandler.java:103)
		at io.netty.channel.ChannelHandlerInvokerUtil.invokeChannelReadNow(ChannelHandlerInvokerUtil.java:74)
		at io.netty.channel.DefaultChannelHandlerInvoker.invokeChannelRead(DefaultChannelHandlerInvoker.java:138)
		at io.netty.channel.DefaultChannelHandlerContext.fireChannelRead(DefaultChannelHandlerContext.java:320)
		at io.netty.handler.codec.MessageToMessageDecoder.channelRead(MessageToMessageDecoder.java:103)
		at io.netty.handler.codec.MessageToMessageCodec.channelRead(MessageToMessageCodec.java:111)
		at io.netty.channel.ChannelHandlerInvokerUtil.invokeChannelReadNow(ChannelHandlerInvokerUtil.java:74)
		at io.netty.channel.DefaultChannelHandlerInvoker.invokeChannelRead(DefaultChannelHandlerInvoker.java:138)
		at io.netty.channel.DefaultChannelHandlerContext.fireChannelRead(DefaultChannelHandlerContext.java:320)
		at io.netty.handler.codec.ByteToMessageDecoder.channelRead(ByteToMessageDecoder.java:154)
		at io.netty.channel.ChannelHandlerInvokerUtil.invokeChannelReadNow(ChannelHandlerInvokerUtil.java:74)
		at io.netty.channel.DefaultChannelHandlerInvoker.invokeChannelRead(DefaultChannelHandlerInvoker.java:138)
		at io.netty.channel.DefaultChannelHandlerContext.fireChannelRead(DefaultChannelHandlerContext.java:320)
		at io.netty.channel.DefaultChannelPipeline.fireChannelRead(DefaultChannelPipeline.java:846)
		at io.netty.channel.nio.AbstractNioByteChannel$NioByteUnsafe.read(AbstractNioByteChannel.java:127)
		at io.netty.channel.nio.NioEventLoop.processSelectedKey(NioEventLoop.java:485)
		at io.netty.channel.nio.NioEventLoop.processSelectedKeysOptimized(NioEventLoop.java:452)
		at io.netty.channel.nio.NioEventLoop.run(NioEventLoop.java:346)
		at io.netty.util.concurrent.SingleThreadEventExecutor$5.run(SingleThreadEventExecutor.java:794)
		at java.lang.Thread.run(Thread.java:748)
2018年12月17日 18:48:12  信息 : -------------网关启动完毕-------------------
2018年12月17日 18:48:16  信息 : 已装载共享库/Users/caroceanjofers/studio/lns.github.com/cj.studio.gateway.examples.backend/cmdtools/gateway/lib/share
2018年12月17日 18:49:00  信息 : -------------网关启动完毕-------------------
2018年12月17日 18:49:03  信息 : 已装载共享库/Users/caroceanjofers/studio/lns.github.com/cj.studio.gateway.examples.backend/cmdtools/gateway/lib/share
2018年12月17日 18:49:58  信息 : -------------网关启动完毕-------------------
2018年12月17日 18:49:59  信息 : 已装载共享库/Users/caroceanjofers/studio/lns.github.com/cj.studio.gateway.examples.backend/cmdtools/gateway/lib/share
2018年12月17日 18:54:12  信息 : -------------网关启动完毕-------------------
2018年12月17日 18:54:13  信息 : 已装载共享库/Users/caroceanjofers/studio/lns.github.com/cj.studio.gateway.examples.backend/cmdtools/gateway/lib/share
2018年12月17日 19:04:59  信息 : -------------网关启动完毕-------------------
2018年12月17日 19:05:01  信息 : 已装载共享库/Users/caroceanjofers/studio/lns.github.com/cj.studio.gateway.examples.backend/cmdtools/gateway/lib/share
2018年12月17日 19:07:40  信息 : -------------网关启动完毕-------------------
2018年12月17日 19:07:43  信息 : 已装载共享库/Users/caroceanjofers/studio/lns.github.com/cj.studio.gateway.examples.backend/cmdtools/gateway/lib/share
2018年12月17日 19:08:11  信息 : -------------网关启动完毕-------------------
2018年12月17日 19:08:13  信息 : 已装载共享库/Users/caroceanjofers/studio/lns.github.com/cj.studio.gateway.examples.backend/cmdtools/gateway/lib/share
2018年12月17日 19:12:06  信息 : -------------网关启动完毕-------------------
2018年12月17日 19:12:09  信息 : 已装载共享库/Users/caroceanjofers/studio/lns.github.com/cj.studio.gateway.examples.backend/cmdtools/gateway/lib/share
2018年12月17日 19:13:21  信息 : -------------网关启动完毕-------------------
2018年12月17日 19:13:23  信息 : 已装载共享库/Users/caroceanjofers/studio/lns.github.com/cj.studio.gateway.examples.backend/cmdtools/gateway/lib/share
2018年12月17日 19:15:37  信息 : -------------网关启动完毕-------------------
2018年12月19日 22:49:15  信息 : -------------网关启动完毕-------------------
2018年12月21日 16:55:09  信息 : -------------网关启动完毕-------------------
2018年12月21日 16:55:16  信息 : 已装载共享库/Users/caroceanjofers/studio/lns.github.com/cj.studio.gateway.examples.backend/cmdtools/gateway/lib/share
2018年12月21日 16:58:37  信息 : -------------网关启动完毕-------------------
2018年12月21日 16:58:40  信息 : 已装载共享库/Users/caroceanjofers/studio/lns.github.com/cj.studio.gateway.examples.backend/cmdtools/gateway/lib/share
2018年12月30日 11:16:16  信息 : -------------网关启动完毕-------------------
2018年12月30日 11:16:27  信息 : 已装载共享库/Users/caroceanjofers/studio/lns.github.com/cj.studio.gateway.examples.backend/cmdtools/gateway/lib/share
2018年12月30日 20:39:16  信息 : -------------网关启动完毕-------------------
2018年12月30日 20:39:50  信息 : 已装载共享库/Users/caroceanjofers/studio/cj.studio.gateway.examples.backend/cmdtools/gateway/lib/share
2018年12月30日 22:12:31  信息 : -------------网关启动完毕-------------------
2018年12月30日 22:17:06  信息 : 已装载共享库/Users/caroceanjofers/studio/cj.studio.gateway.examples.backend/cmdtools/gateway/lib/share
2019年01月28日 00:44:39  信息 : -------------网关启动完毕-------------------
2019年01月28日 00:45:12  信息 : 已装载共享库/Users/caroceanjofers/studio/cj.studio.backend.uc/cmdtools/gateway/lib/share
2019年01月28日 00:45:12  调试: cj.studio.orm.mybatis.SafeSqlSessionFactory - SqlSession closed.
2019年01月28日 00:45:12  调试: cj.studio.orm.mybatis.SafeSqlSessionFactory - SqlSession closed.
2019年01月28日 00:45:12  调试: cj.studio.orm.mybatis.SafeSqlSessionFactory - SqlSession closed.
2019年01月28日 00:45:18  调试: cj.studio.orm.mybatis.SafeSqlSessionFactory - SqlSession closed.
2019年01月28日 00:45:25  调试: cj.studio.orm.mybatis.SafeSqlSessionFactory - SqlSession closed.
2019年01月28日 00:45:46  调试: cj.studio.orm.mybatis.SafeSqlSessionFactory - SqlSession closed.
2019年01月28日 00:45:54  调试: cj.studio.orm.mybatis.SafeSqlSessionFactory - SqlSession closed.
2019年01月28日 00:46:02  调试: cj.studio.orm.mybatis.SafeSqlSessionFactory - SqlSession closed.
2019年01月28日 00:46:06  调试: cj.studio.orm.mybatis.SafeSqlSessionFactory - SqlSession closed.
2019年01月28日 00:46:11  调试: cj.studio.orm.mybatis.SafeSqlSessionFactory - SqlSession closed.
2019年02月13日 23:33:42  信息 : -------------网关启动完毕-------------------
2019年02月13日 23:33:49  信息 : 已装载共享库/Users/caroceanjofers/studio/cj.studio.backend.uc/cmdtools/gateway/lib/share
2019年02月13日 23:33:50  调试: cj.studio.orm.mybatis.SafeSqlSessionFactory - SqlSession closed.
2019年02月13日 23:33:50  调试: cj.studio.orm.mybatis.SafeSqlSessionFactory - SqlSession closed.
2019年02月13日 23:33:50  错误: cj.studio.gateway.server.handler.HttpChannelHandler -  异常：503 java.lang.NoClassDefFoundError: io/jsonwebtoken/Jwts
		at cj.studio.gateway.stub.GatewayAppSiteRestStub$1.done(GatewayAppSiteRestStub.java:119)
		at cj.studio.gateway.socket.io.HttpInputChannel.done(HttpInputChannel.java:58)
		at cj.studio.gateway.server.handler.HttpChannelHandler.handleHttpContent(HttpChannelHandler.java:126)
		at cj.studio.gateway.server.handler.HttpChannelHandler.messageReceived(HttpChannelHandler.java:109)
		at io.netty.channel.SimpleChannelInboundHandler.channelRead(SimpleChannelInboundHandler.java:103)
		at io.netty.channel.ChannelHandlerInvokerUtil.invokeChannelReadNow(ChannelHandlerInvokerUtil.java:74)
		at io.netty.channel.DefaultChannelHandlerInvoker.invokeChannelRead(DefaultChannelHandlerInvoker.java:138)
		at io.netty.channel.DefaultChannelHandlerContext.fireChannelRead(DefaultChannelHandlerContext.java:320)
		at io.netty.handler.codec.MessageToMessageDecoder.channelRead(MessageToMessageDecoder.java:103)
		at io.netty.handler.codec.MessageToMessageCodec.channelRead(MessageToMessageCodec.java:111)
		at io.netty.channel.ChannelHandlerInvokerUtil.invokeChannelReadNow(ChannelHandlerInvokerUtil.java:74)
		at io.netty.channel.DefaultChannelHandlerInvoker.invokeChannelRead(DefaultChannelHandlerInvoker.java:138)
		at io.netty.channel.DefaultChannelHandlerContext.fireChannelRead(DefaultChannelHandlerContext.java:320)
		at io.netty.handler.codec.ByteToMessageDecoder.channelRead(ByteToMessageDecoder.java:154)
		at io.netty.channel.ChannelHandlerInvokerUtil.invokeChannelReadNow(ChannelHandlerInvokerUtil.java:74)
		at io.netty.channel.DefaultChannelHandlerInvoker.invokeChannelRead(DefaultChannelHandlerInvoker.java:138)
		at io.netty.channel.DefaultChannelHandlerContext.fireChannelRead(DefaultChannelHandlerContext.java:320)
		at io.netty.channel.DefaultChannelPipeline.fireChannelRead(DefaultChannelPipeline.java:846)
		at io.netty.channel.nio.AbstractNioByteChannel$NioByteUnsafe.read(AbstractNioByteChannel.java:127)
		at io.netty.channel.nio.NioEventLoop.processSelectedKey(NioEventLoop.java:485)
		at io.netty.channel.nio.NioEventLoop.processSelectedKeysOptimized(NioEventLoop.java:452)
		at io.netty.channel.nio.NioEventLoop.run(NioEventLoop.java:346)
		at io.netty.util.concurrent.SingleThreadEventExecutor$5.run(SingleThreadEventExecutor.java:794)
		at java.lang.Thread.run(Thread.java:748)
	Cause by:
		at cj.studio.backend.uc.plugin.util.JwtUtil.isVerify(JwtUtil.java:99)
		at cj.studio.backend.uc.plugin.service.auth.JwtAuthenticator.authenticate(JwtAuthenticator.java:47)
		at cj.studio.backend.uc.plugin.service.auth.AuthenticatorFactory.authenticate(AuthenticatorFactory.java:38)
		at cj.studio.backend.uc.stub.AuthenticationStub.authenticate(AuthenticationStub.java:29)
		at sun.reflect.NativeMethodAccessorImpl.invoke0(NativeMethodAccessorImpl.java:-2)
		at sun.reflect.NativeMethodAccessorImpl.invoke(NativeMethodAccessorImpl.java:62)
		at sun.reflect.DelegatingMethodAccessorImpl.invoke(DelegatingMethodAccessorImpl.java:43)
		at java.lang.reflect.Method.invoke(Method.java:498)
		at cj.studio.gateway.stub.GatewayAppSiteRestStub$1.done(GatewayAppSiteRestStub.java:109)
		at cj.studio.gateway.socket.io.HttpInputChannel.done(HttpInputChannel.java:58)
		at cj.studio.gateway.server.handler.HttpChannelHandler.handleHttpContent(HttpChannelHandler.java:126)
		at cj.studio.gateway.server.handler.HttpChannelHandler.messageReceived(HttpChannelHandler.java:109)
		at io.netty.channel.SimpleChannelInboundHandler.channelRead(SimpleChannelInboundHandler.java:103)
		at io.netty.channel.ChannelHandlerInvokerUtil.invokeChannelReadNow(ChannelHandlerInvokerUtil.java:74)
		at io.netty.channel.DefaultChannelHandlerInvoker.invokeChannelRead(DefaultChannelHandlerInvoker.java:138)
		at io.netty.channel.DefaultChannelHandlerContext.fireChannelRead(DefaultChannelHandlerContext.java:320)
		at io.netty.handler.codec.MessageToMessageDecoder.channelRead(MessageToMessageDecoder.java:103)
		at io.netty.handler.codec.MessageToMessageCodec.channelRead(MessageToMessageCodec.java:111)
		at io.netty.channel.ChannelHandlerInvokerUtil.invokeChannelReadNow(ChannelHandlerInvokerUtil.java:74)
		at io.netty.channel.DefaultChannelHandlerInvoker.invokeChannelRead(DefaultChannelHandlerInvoker.java:138)
		at io.netty.channel.DefaultChannelHandlerContext.fireChannelRead(DefaultChannelHandlerContext.java:320)
		at io.netty.handler.codec.ByteToMessageDecoder.channelRead(ByteToMessageDecoder.java:154)
		at io.netty.channel.ChannelHandlerInvokerUtil.invokeChannelReadNow(ChannelHandlerInvokerUtil.java:74)
		at io.netty.channel.DefaultChannelHandlerInvoker.invokeChannelRead(DefaultChannelHandlerInvoker.java:138)
		at io.netty.channel.DefaultChannelHandlerContext.fireChannelRead(DefaultChannelHandlerContext.java:320)
		at io.netty.channel.DefaultChannelPipeline.fireChannelRead(DefaultChannelPipeline.java:846)
		at io.netty.channel.nio.AbstractNioByteChannel$NioByteUnsafe.read(AbstractNioByteChannel.java:127)
		at io.netty.channel.nio.NioEventLoop.processSelectedKey(NioEventLoop.java:485)
		at io.netty.channel.nio.NioEventLoop.processSelectedKeysOptimized(NioEventLoop.java:452)
		at io.netty.channel.nio.NioEventLoop.run(NioEventLoop.java:346)
		at io.netty.util.concurrent.SingleThreadEventExecutor$5.run(SingleThreadEventExecutor.java:794)
		at java.lang.Thread.run(Thread.java:748)
2019年02月17日 16:26:52  信息 : -------------网关启动完毕-------------------
2019年02月17日 16:27:16  信息 : 已装载共享库/Users/caroceanjofers/studio/github/cj.studio.backend.uc/cmdtools/gateway/lib/share
2019年02月17日 16:27:17  调试: cj.studio.orm.mybatis.SafeSqlSessionFactory - SqlSession closed.
2019年02月17日 16:27:17  错误: cj.studio.gateway.server.handler.HttpChannelHandler -  异常：java.lang.RuntimeException: org.apache.ibatis.exceptions.PersistenceException: 
### Error querying database.  Cause: java.sql.SQLException: Access denied for user 'cj'@'localhost' (using password: YES)
### The error may exist in cj/db/mappings/SegmentMapper.xml
### The error may involve cj.studio.backend.uc.plugin.dao.SegmentMapper.selectByExample
### The error occurred while executing a query
### Cause: java.sql.SQLException: Access denied for user 'cj'@'localhost' (using password: YES)
		at cj.studio.ecm.Assembly$EntryPoint.start(Assembly.java:623)
		at cj.studio.ecm.Assembly.start(Assembly.java:404)
		at cj.studio.gateway.socket.app.AppGatewaySocket.scanPluginsAndLoad(AppGatewaySocket.java:203)
		at cj.studio.gateway.socket.app.AppGatewaySocket.scanAssemblyAndLoad(AppGatewaySocket.java:149)
		at cj.studio.gateway.socket.app.AppGatewaySocket.connect(AppGatewaySocket.java:115)
		at cj.studio.gateway.DestinationLoader.load(DestinationLoader.java:40)
		at cj.studio.gateway.GatewaySocketContainer.getAndCreate(GatewaySocketContainer.java:36)
		at cj.studio.gateway.server.handler.HttpChannelHandler.pipelineHttpBuild(HttpChannelHandler.java:425)
		at cj.studio.gateway.server.handler.HttpChannelHandler.flowHttpRequest(HttpChannelHandler.java:397)
		at cj.studio.gateway.server.handler.HttpChannelHandler.handleHttpRequest(HttpChannelHandler.java:204)
		at cj.studio.gateway.server.handler.HttpChannelHandler.messageReceived(HttpChannelHandler.java:107)
		at io.netty.channel.SimpleChannelInboundHandler.channelRead(SimpleChannelInboundHandler.java:103)
		at io.netty.channel.ChannelHandlerInvokerUtil.invokeChannelReadNow(ChannelHandlerInvokerUtil.java:74)
		at io.netty.channel.DefaultChannelHandlerInvoker.invokeChannelRead(DefaultChannelHandlerInvoker.java:138)
		at io.netty.channel.DefaultChannelHandlerContext.fireChannelRead(DefaultChannelHandlerContext.java:320)
		at io.netty.handler.codec.MessageToMessageDecoder.channelRead(MessageToMessageDecoder.java:103)
		at io.netty.handler.codec.MessageToMessageCodec.channelRead(MessageToMessageCodec.java:111)
		at io.netty.channel.ChannelHandlerInvokerUtil.invokeChannelReadNow(ChannelHandlerInvokerUtil.java:74)
		at io.netty.channel.DefaultChannelHandlerInvoker.invokeChannelRead(DefaultChannelHandlerInvoker.java:138)
		at io.netty.channel.DefaultChannelHandlerContext.fireChannelRead(DefaultChannelHandlerContext.java:320)
		at io.netty.handler.codec.ByteToMessageDecoder.channelRead(ByteToMessageDecoder.java:154)
		at io.netty.channel.ChannelHandlerInvokerUtil.invokeChannelReadNow(ChannelHandlerInvokerUtil.java:74)
		at io.netty.channel.DefaultChannelHandlerInvoker.invokeChannelRead(DefaultChannelHandlerInvoker.java:138)
		at io.netty.channel.DefaultChannelHandlerContext.fireChannelRead(DefaultChannelHandlerContext.java:320)
		at io.netty.channel.DefaultChannelPipeline.fireChannelRead(DefaultChannelPipeline.java:846)
		at io.netty.channel.nio.AbstractNioByteChannel$NioByteUnsafe.read(AbstractNioByteChannel.java:127)
		at io.netty.channel.nio.NioEventLoop.processSelectedKey(NioEventLoop.java:485)
		at io.netty.channel.nio.NioEventLoop.processSelectedKeysOptimized(NioEventLoop.java:452)
		at io.netty.channel.nio.NioEventLoop.run(NioEventLoop.java:346)
		at io.netty.util.concurrent.SingleThreadEventExecutor$5.run(SingleThreadEventExecutor.java:794)
		at java.lang.Thread.run(Thread.java:748)
	Cause by:
		at org.apache.ibatis.exceptions.ExceptionFactory.wrapException(ExceptionFactory.java:30)
		at org.apache.ibatis.session.defaults.DefaultSqlSession.selectList(DefaultSqlSession.java:150)
		at org.apache.ibatis.session.defaults.DefaultSqlSession.selectList(DefaultSqlSession.java:141)
		at org.apache.ibatis.binding.MapperMethod.executeForMany(MapperMethod.java:128)
		at org.apache.ibatis.binding.MapperMethod.execute(MapperMethod.java:68)
		at org.apache.ibatis.binding.MapperProxy.invoke(MapperProxy.java:53)
		at com.sun.proxy.$Proxy13.selectByExample(null:-1)
		at sun.reflect.NativeMethodAccessorImpl.invoke0(NativeMethodAccessorImpl.java:-2)
		at sun.reflect.NativeMethodAccessorImpl.invoke(NativeMethodAccessorImpl.java:62)
		at sun.reflect.DelegatingMethodAccessorImpl.invoke(DelegatingMethodAccessorImpl.java:43)
		at java.lang.reflect.Method.invoke(Method.java:498)
		at cj.studio.orm.mybatis.MappingCallback.invoke(MappingCallback.java:24)
		at cj.studio.backend.uc.plugin.dao.SegmentMapper$$EnhancerByCGLIB$$bec735bf.selectByExample(<generated>:-1)
		at cj.studio.backend.uc.plugin.service.SegmentService.getSegment(SegmentService.java:50)
		at sun.reflect.NativeMethodAccessorImpl.invoke0(NativeMethodAccessorImpl.java:-2)
		at sun.reflect.NativeMethodAccessorImpl.invoke(NativeMethodAccessorImpl.java:62)
		at sun.reflect.DelegatingMethodAccessorImpl.invoke(DelegatingMethodAccessorImpl.java:43)
		at java.lang.reflect.Method.invoke(Method.java:498)
		at cj.studio.ecm.bridge.Joinpoint$InvokeAspect.cut(Joinpoint.java:264)
		at cj.studio.ecm.bridge.Joinpoint$Cutpoint.cut(Joinpoint.java:207)
		at cj.studio.orm.mybatis.aspect.DBTransaction.cut(DBTransaction.java:24)
		at cj.studio.ecm.bridge.Joinpoint$Cutpoint.cut(Joinpoint.java:207)
		at cj.studio.ecm.bridge.Joinpoint.cut(Joinpoint.java:50)
		at cj.studio.ecm.bridge.EnhanceInterceptor.intercept(EnhanceInterceptor.java:69)
		at cj.studio.backend.uc.service.ISegmentService$$EnhancerByCGLIB$$7bc4c320.getSegment(<generated>:-1)
		at cj.studio.backend.uc.plugin.PasswordSegmentActivator.activate(PasswordSegmentActivator.java:21)
		at cj.studio.ecm.Assembly$EntryPoint.start(Assembly.java:619)
		at cj.studio.ecm.Assembly.start(Assembly.java:404)
		at cj.studio.gateway.socket.app.AppGatewaySocket.scanPluginsAndLoad(AppGatewaySocket.java:203)
		at cj.studio.gateway.socket.app.AppGatewaySocket.scanAssemblyAndLoad(AppGatewaySocket.java:149)
		at cj.studio.gateway.socket.app.AppGatewaySocket.connect(AppGatewaySocket.java:115)
		at cj.studio.gateway.DestinationLoader.load(DestinationLoader.java:40)
		at cj.studio.gateway.GatewaySocketContainer.getAndCreate(GatewaySocketContainer.java:36)
		at cj.studio.gateway.server.handler.HttpChannelHandler.pipelineHttpBuild(HttpChannelHandler.java:425)
		at cj.studio.gateway.server.handler.HttpChannelHandler.flowHttpRequest(HttpChannelHandler.java:397)
		at cj.studio.gateway.server.handler.HttpChannelHandler.handleHttpRequest(HttpChannelHandler.java:204)
		at cj.studio.gateway.server.handler.HttpChannelHandler.messageReceived(HttpChannelHandler.java:107)
		at io.netty.channel.SimpleChannelInboundHandler.channelRead(SimpleChannelInboundHandler.java:103)
		at io.netty.channel.ChannelHandlerInvokerUtil.invokeChannelReadNow(ChannelHandlerInvokerUtil.java:74)
		at io.netty.channel.DefaultChannelHandlerInvoker.invokeChannelRead(DefaultChannelHandlerInvoker.java:138)
		at io.netty.channel.DefaultChannelHandlerContext.fireChannelRead(DefaultChannelHandlerContext.java:320)
		at io.netty.handler.codec.MessageToMessageDecoder.channelRead(MessageToMessageDecoder.java:103)
		at io.netty.handler.codec.MessageToMessageCodec.channelRead(MessageToMessageCodec.java:111)
		at io.netty.channel.ChannelHandlerInvokerUtil.invokeChannelReadNow(ChannelHandlerInvokerUtil.java:74)
		at io.netty.channel.DefaultChannelHandlerInvoker.invokeChannelRead(DefaultChannelHandlerInvoker.java:138)
		at io.netty.channel.DefaultChannelHandlerContext.fireChannelRead(DefaultChannelHandlerContext.java:320)
		at io.netty.handler.codec.ByteToMessageDecoder.channelRead(ByteToMessageDecoder.java:154)
		at io.netty.channel.ChannelHandlerInvokerUtil.invokeChannelReadNow(ChannelHandlerInvokerUtil.java:74)
		at io.netty.channel.DefaultChannelHandlerInvoker.invokeChannelRead(DefaultChannelHandlerInvoker.java:138)
		at io.netty.channel.DefaultChannelHandlerContext.fireChannelRead(DefaultChannelHandlerContext.java:320)
		at io.netty.channel.DefaultChannelPipeline.fireChannelRead(DefaultChannelPipeline.java:846)
		at io.netty.channel.nio.AbstractNioByteChannel$NioByteUnsafe.read(AbstractNioByteChannel.java:127)
		at io.netty.channel.nio.NioEventLoop.processSelectedKey(NioEventLoop.java:485)
		at io.netty.channel.nio.NioEventLoop.processSelectedKeysOptimized(NioEventLoop.java:452)
		at io.netty.channel.nio.NioEventLoop.run(NioEventLoop.java:346)
		at io.netty.util.concurrent.SingleThreadEventExecutor$5.run(SingleThreadEventExecutor.java:794)
		at java.lang.Thread.run(Thread.java:748)
		at com.mysql.jdbc.SQLError.createSQLException(SQLError.java:965)
		at com.mysql.jdbc.MysqlIO.checkErrorPacket(MysqlIO.java:3978)
		at com.mysql.jdbc.MysqlIO.checkErrorPacket(MysqlIO.java:3914)
		at com.mysql.jdbc.MysqlIO.checkErrorPacket(MysqlIO.java:871)
		at com.mysql.jdbc.MysqlIO.proceedHandshakeWithPluggableAuthentication(MysqlIO.java:1714)
		at com.mysql.jdbc.MysqlIO.doHandshake(MysqlIO.java:1224)
		at com.mysql.jdbc.ConnectionImpl.coreConnect(ConnectionImpl.java:2199)
		at com.mysql.jdbc.ConnectionImpl.connectOneTryOnly(ConnectionImpl.java:2230)
		at com.mysql.jdbc.ConnectionImpl.createNewIO(ConnectionImpl.java:2025)
		at com.mysql.jdbc.ConnectionImpl.<init>(ConnectionImpl.java:778)
		at com.mysql.jdbc.JDBC4Connection.<init>(JDBC4Connection.java:47)
		at sun.reflect.NativeConstructorAccessorImpl.newInstance0(NativeConstructorAccessorImpl.java:-2)
		at sun.reflect.NativeConstructorAccessorImpl.newInstance(NativeConstructorAccessorImpl.java:62)
		at sun.reflect.DelegatingConstructorAccessorImpl.newInstance(DelegatingConstructorAccessorImpl.java:45)
		at java.lang.reflect.Constructor.newInstance(Constructor.java:423)
		at com.mysql.jdbc.Util.handleNewInstance(Util.java:425)
		at com.mysql.jdbc.ConnectionImpl.getInstance(ConnectionImpl.java:386)
		at com.mysql.jdbc.NonRegisteringDriver.connect(NonRegisteringDriver.java:330)
		at java.sql.DriverManager.getConnection(DriverManager.java:664)
		at java.sql.DriverManager.getConnection(DriverManager.java:208)
		at org.apache.ibatis.datasource.unpooled.UnpooledDataSource.doGetConnection(UnpooledDataSource.java:201)
		at org.apache.ibatis.datasource.unpooled.UnpooledDataSource.doGetConnection(UnpooledDataSource.java:196)
		at org.apache.ibatis.datasource.unpooled.UnpooledDataSource.getConnection(UnpooledDataSource.java:93)
		at org.apache.ibatis.datasource.pooled.PooledDataSource.popConnection(PooledDataSource.java:385)
		at org.apache.ibatis.datasource.pooled.PooledDataSource.getConnection(PooledDataSource.java:89)
		at org.apache.ibatis.transaction.jdbc.JdbcTransaction.openConnection(JdbcTransaction.java:138)
		at org.apache.ibatis.transaction.jdbc.JdbcTransaction.getConnection(JdbcTransaction.java:60)
		at org.apache.ibatis.executor.BaseExecutor.getConnection(BaseExecutor.java:337)
		at org.apache.ibatis.executor.SimpleExecutor.prepareStatement(SimpleExecutor.java:84)
		at org.apache.ibatis.executor.SimpleExecutor.doQuery(SimpleExecutor.java:62)
		at org.apache.ibatis.executor.BaseExecutor.queryFromDatabase(BaseExecutor.java:325)
		at org.apache.ibatis.executor.BaseExecutor.query(BaseExecutor.java:156)
		at org.apache.ibatis.executor.CachingExecutor.query(CachingExecutor.java:109)
		at org.apache.ibatis.executor.CachingExecutor.query(CachingExecutor.java:83)
		at org.apache.ibatis.session.defaults.DefaultSqlSession.selectList(DefaultSqlSession.java:148)
		at org.apache.ibatis.session.defaults.DefaultSqlSession.selectList(DefaultSqlSession.java:141)
		at org.apache.ibatis.binding.MapperMethod.executeForMany(MapperMethod.java:128)
		at org.apache.ibatis.binding.MapperMethod.execute(MapperMethod.java:68)
		at org.apache.ibatis.binding.MapperProxy.invoke(MapperProxy.java:53)
		at com.sun.proxy.$Proxy13.selectByExample(null:-1)
		at sun.reflect.NativeMethodAccessorImpl.invoke0(NativeMethodAccessorImpl.java:-2)
		at sun.reflect.NativeMethodAccessorImpl.invoke(NativeMethodAccessorImpl.java:62)
		at sun.reflect.DelegatingMethodAccessorImpl.invoke(DelegatingMethodAccessorImpl.java:43)
		at java.lang.reflect.Method.invoke(Method.java:498)
		at cj.studio.orm.mybatis.MappingCallback.invoke(MappingCallback.java:24)
		at cj.studio.backend.uc.plugin.dao.SegmentMapper$$EnhancerByCGLIB$$bec735bf.selectByExample(<generated>:-1)
		at cj.studio.backend.uc.plugin.service.SegmentService.getSegment(SegmentService.java:50)
		at sun.reflect.NativeMethodAccessorImpl.invoke0(NativeMethodAccessorImpl.java:-2)
		at sun.reflect.NativeMethodAccessorImpl.invoke(NativeMethodAccessorImpl.java:62)
		at sun.reflect.DelegatingMethodAccessorImpl.invoke(DelegatingMethodAccessorImpl.java:43)
		at java.lang.reflect.Method.invoke(Method.java:498)
		at cj.studio.ecm.bridge.Joinpoint$InvokeAspect.cut(Joinpoint.java:264)
		at cj.studio.ecm.bridge.Joinpoint$Cutpoint.cut(Joinpoint.java:207)
		at cj.studio.orm.mybatis.aspect.DBTransaction.cut(DBTransaction.java:24)
		at cj.studio.ecm.bridge.Joinpoint$Cutpoint.cut(Joinpoint.java:207)
		at cj.studio.ecm.bridge.Joinpoint.cut(Joinpoint.java:50)
		at cj.studio.ecm.bridge.EnhanceInterceptor.intercept(EnhanceInterceptor.java:69)
		at cj.studio.backend.uc.service.ISegmentService$$EnhancerByCGLIB$$7bc4c320.getSegment(<generated>:-1)
		at cj.studio.backend.uc.plugin.PasswordSegmentActivator.activate(PasswordSegmentActivator.java:21)
		at cj.studio.ecm.Assembly$EntryPoint.start(Assembly.java:619)
		at cj.studio.ecm.Assembly.start(Assembly.java:404)
		at cj.studio.gateway.socket.app.AppGatewaySocket.scanPluginsAndLoad(AppGatewaySocket.java:203)
		at cj.studio.gateway.socket.app.AppGatewaySocket.scanAssemblyAndLoad(AppGatewaySocket.java:149)
		at cj.studio.gateway.socket.app.AppGatewaySocket.connect(AppGatewaySocket.java:115)
		at cj.studio.gateway.DestinationLoader.load(DestinationLoader.java:40)
		at cj.studio.gateway.GatewaySocketContainer.getAndCreate(GatewaySocketContainer.java:36)
		at cj.studio.gateway.server.handler.HttpChannelHandler.pipelineHttpBuild(HttpChannelHandler.java:425)
		at cj.studio.gateway.server.handler.HttpChannelHandler.flowHttpRequest(HttpChannelHandler.java:397)
		at cj.studio.gateway.server.handler.HttpChannelHandler.handleHttpRequest(HttpChannelHandler.java:204)
		at cj.studio.gateway.server.handler.HttpChannelHandler.messageReceived(HttpChannelHandler.java:107)
		at io.netty.channel.SimpleChannelInboundHandler.channelRead(SimpleChannelInboundHandler.java:103)
		at io.netty.channel.ChannelHandlerInvokerUtil.invokeChannelReadNow(ChannelHandlerInvokerUtil.java:74)
		at io.netty.channel.DefaultChannelHandlerInvoker.invokeChannelRead(DefaultChannelHandlerInvoker.java:138)
		at io.netty.channel.DefaultChannelHandlerContext.fireChannelRead(DefaultChannelHandlerContext.java:320)
		at io.netty.handler.codec.MessageToMessageDecoder.channelRead(MessageToMessageDecoder.java:103)
		at io.netty.handler.codec.MessageToMessageCodec.channelRead(MessageToMessageCodec.java:111)
		at io.netty.channel.ChannelHandlerInvokerUtil.invokeChannelReadNow(ChannelHandlerInvokerUtil.java:74)
		at io.netty.channel.DefaultChannelHandlerInvoker.invokeChannelRead(DefaultChannelHandlerInvoker.java:138)
		at io.netty.channel.DefaultChannelHandlerContext.fireChannelRead(DefaultChannelHandlerContext.java:320)
		at io.netty.handler.codec.ByteToMessageDecoder.channelRead(ByteToMessageDecoder.java:154)
		at io.netty.channel.ChannelHandlerInvokerUtil.invokeChannelReadNow(ChannelHandlerInvokerUtil.java:74)
		at io.netty.channel.DefaultChannelHandlerInvoker.invokeChannelRead(DefaultChannelHandlerInvoker.java:138)
		at io.netty.channel.DefaultChannelHandlerContext.fireChannelRead(DefaultChannelHandlerContext.java:320)
		at io.netty.channel.DefaultChannelPipeline.fireChannelRead(DefaultChannelPipeline.java:846)
		at io.netty.channel.nio.AbstractNioByteChannel$NioByteUnsafe.read(AbstractNioByteChannel.java:127)
		at io.netty.channel.nio.NioEventLoop.processSelectedKey(NioEventLoop.java:485)
		at io.netty.channel.nio.NioEventLoop.processSelectedKeysOptimized(NioEventLoop.java:452)
		at io.netty.channel.nio.NioEventLoop.run(NioEventLoop.java:346)
		at io.netty.util.concurrent.SingleThreadEventExecutor$5.run(SingleThreadEventExecutor.java:794)
		at java.lang.Thread.run(Thread.java:748)
2019年02月17日 16:28:32  信息 : 已装载共享库/Users/caroceanjofers/studio/github/cj.studio.backend.uc/cmdtools/gateway/lib/share
2019年02月17日 16:28:33  调试: cj.studio.orm.mybatis.SafeSqlSessionFactory - SqlSession closed.
2019年02月17日 16:28:33  调试: cj.studio.orm.mybatis.SafeSqlSessionFactory - SqlSession closed.
2019年02月17日 16:28:33  调试: cj.studio.orm.mybatis.SafeSqlSessionFactory - SqlSession closed.
2019年02月17日 16:28:33  调试: cj.studio.orm.mybatis.SafeSqlSessionFactory - SqlSession closed.
2019年02月17日 16:29:33  调试: cj.studio.orm.mybatis.SafeSqlSessionFactory - SqlSession closed.
